[2020-07-03 23:05:56] my_logger.INFO: Not Allowed (404): GET /en/portfolio/physical-inventories/ IP 207.46.13.5 Analytics 5f0000243e566 [] []
[2020-07-04 00:10:13] my_logger.INFO: Not Found (404): GET /wp-login.php [] []
[2020-07-04 03:16:12] my_logger.INFO: Not Found (404): GET /wp-config.php.new [] []
[2020-07-04 05:01:17] my_logger.INFO: Not Found (404): GET /wp-login.php [] []
[2020-07-04 05:17:18] my_logger.INFO: Not Allowed (404): GET /es/feed/ IP 159.69.109.50 Analytics 5f00572e6da7e [] []
[2020-07-04 05:55:32] my_logger.INFO: Not Found (404): GET /humans.txt [] []
[2020-07-04 05:55:32] my_logger.INFO: Not Found (404): GET /ads.txt [] []
[2020-07-04 07:16:07] my_logger.INFO: Not Allowed (404): GET /portfolios/masonry-portfolio-grid-demo/portfolio-masonry-4x-2/ IP 207.46.13.117 Analytics 5f00730721b69 [] []
[2020-07-04 09:47:05] my_logger.INFO: Not Found (404): GET /wp-login.php [] []
[2020-07-04 10:24:28] my_logger.INFO: Not Found (404): HEAD /.well-known.zip [] []
[2020-07-04 10:24:29] my_logger.INFO: Not Found (404): HEAD /.well-known.gz [] []
[2020-07-04 10:24:30] my_logger.INFO: Not Found (404): HEAD /.well-known.tar.gz [] []
[2020-07-04 10:24:31] my_logger.INFO: Not Found (404): HEAD /.well-known.rar [] []
[2020-07-04 10:24:32] my_logger.INFO: Not Found (404): HEAD /.well-known.gzip [] []
[2020-07-04 10:24:33] my_logger.INFO: Not Found (404): HEAD /InCreate-FullPackage.zip [] []
[2020-07-04 10:24:34] my_logger.INFO: Not Found (404): HEAD /InCreate-FullPackage.gz [] []
[2020-07-04 10:24:35] my_logger.INFO: Not Found (404): HEAD /InCreate-FullPackage.tar.gz [] []
[2020-07-04 10:24:36] my_logger.INFO: Not Found (404): HEAD /InCreate-FullPackage.rar [] []
[2020-07-04 10:24:38] my_logger.INFO: Not Found (404): HEAD /InCreate-FullPackage.gzip [] []
[2020-07-04 10:24:39] my_logger.INFO: Not Found (404): HEAD /OMC_template.zip [] []
[2020-07-04 10:24:40] my_logger.INFO: Not Found (404): HEAD /OMC_template.gz [] []
[2020-07-04 10:24:41] my_logger.INFO: Not Found (404): HEAD /OMC_template.tar.gz [] []
[2020-07-04 10:24:43] my_logger.INFO: Not Found (404): HEAD /OMC_template.rar [] []
[2020-07-04 10:24:44] my_logger.INFO: Not Found (404): HEAD /OMC_template.gzip [] []
[2020-07-04 10:24:45] my_logger.INFO: Not Found (404): HEAD /archive.zip [] []
[2020-07-04 10:24:46] my_logger.INFO: Not Found (404): HEAD /archive.gz [] []
[2020-07-04 10:24:48] my_logger.INFO: Not Found (404): HEAD /archive.tar.gz [] []
[2020-07-04 10:24:50] my_logger.INFO: Not Found (404): HEAD /archive.rar [] []
[2020-07-04 10:24:52] my_logger.INFO: Not Found (404): HEAD /archive.gzip [] []
[2020-07-04 10:24:53] my_logger.INFO: Not Found (404): HEAD /dump.zip [] []
[2020-07-04 10:24:55] my_logger.INFO: Not Found (404): HEAD /dump.gz [] []
[2020-07-04 10:24:57] my_logger.INFO: Not Found (404): HEAD /dump.tar.gz [] []
[2020-07-04 10:25:00] my_logger.INFO: Not Found (404): HEAD /dump.rar [] []
[2020-07-04 10:25:10] my_logger.INFO: Not Found (404): HEAD /dump.gzip [] []
[2020-07-04 10:25:23] my_logger.INFO: Not Found (404): HEAD /backup.zip [] []
[2020-07-04 10:25:24] my_logger.INFO: Not Found (404): HEAD /backup.gz [] []
[2020-07-04 10:25:26] my_logger.INFO: Not Found (404): HEAD /backup.tar.gz [] []
[2020-07-04 10:25:28] my_logger.INFO: Not Found (404): HEAD /backup.rar [] []
[2020-07-04 10:25:29] my_logger.INFO: Not Found (404): HEAD /backup.gzip [] []
[2020-07-04 10:25:30] my_logger.INFO: Not Found (404): HEAD /backups.zip [] []
[2020-07-04 10:25:37] my_logger.INFO: Not Found (404): HEAD /backups.gz [] []
[2020-07-04 10:25:40] my_logger.INFO: Not Found (404): HEAD /backups.tar.gz [] []
[2020-07-04 10:25:41] my_logger.INFO: Not Found (404): HEAD /backups.rar [] []
[2020-07-04 10:25:42] my_logger.INFO: Not Found (404): HEAD /backups.gzip [] []
[2020-07-04 10:25:43] my_logger.INFO: Not Found (404): HEAD /cgi-bin.zip [] []
[2020-07-04 10:25:45] my_logger.INFO: Not Found (404): HEAD /cgi-bin.gz [] []
[2020-07-04 10:25:46] my_logger.INFO: Not Found (404): HEAD /cgi-bin.tar.gz [] []
[2020-07-04 10:25:48] my_logger.INFO: Not Found (404): HEAD /cgi-bin.rar [] []
[2020-07-04 10:25:49] my_logger.INFO: Not Found (404): HEAD /cgi-bin.gzip [] []
[2020-07-04 10:25:52] my_logger.INFO: Not Found (404): HEAD /installer.zip [] []
[2020-07-04 10:25:53] my_logger.INFO: Not Found (404): HEAD /installer.gz [] []
[2020-07-04 10:25:54] my_logger.INFO: Not Found (404): HEAD /installer.tar.gz [] []
[2020-07-04 10:25:55] my_logger.INFO: Not Found (404): HEAD /installer.rar [] []
[2020-07-04 10:25:57] my_logger.INFO: Not Found (404): HEAD /installer.gzip [] []
[2020-07-04 10:25:58] my_logger.INFO: Not Found (404): HEAD /master.zip [] []
[2020-07-04 10:25:59] my_logger.INFO: Not Found (404): HEAD /master.gz [] []
[2020-07-04 10:26:01] my_logger.INFO: Not Found (404): HEAD /master.tar.gz [] []
[2020-07-04 10:26:02] my_logger.INFO: Not Found (404): HEAD /master.rar [] []
[2020-07-04 10:26:04] my_logger.INFO: Not Found (404): HEAD /master.gzip [] []
[2020-07-04 10:26:05] my_logger.INFO: Not Found (404): HEAD /public_html.zip [] []
[2020-07-04 10:26:07] my_logger.INFO: Not Found (404): HEAD /public_html.gz [] []
[2020-07-04 10:26:08] my_logger.INFO: Not Found (404): HEAD /public_html.tar.gz [] []
[2020-07-04 10:26:09] my_logger.INFO: Not Found (404): HEAD /public_html.rar [] []
[2020-07-04 10:26:12] my_logger.INFO: Not Found (404): HEAD /public_html.gzip [] []
[2020-07-04 10:26:13] my_logger.INFO: Not Found (404): HEAD /quick_install_archive.zip [] []
[2020-07-04 10:26:15] my_logger.INFO: Not Found (404): HEAD /quick_install_archive.gz [] []
[2020-07-04 10:26:16] my_logger.INFO: Not Found (404): HEAD /quick_install_archive.tar.gz [] []
[2020-07-04 10:26:17] my_logger.INFO: Not Found (404): HEAD /quick_install_archive.rar [] []
[2020-07-04 10:26:19] my_logger.INFO: Not Found (404): HEAD /quick_install_archive.gzip [] []
[2020-07-04 10:26:21] my_logger.INFO: Not Found (404): HEAD /rt18_archive.zip [] []
[2020-07-04 10:26:23] my_logger.INFO: Not Found (404): HEAD /rt18_archive.gz [] []
[2020-07-04 10:26:25] my_logger.INFO: Not Found (404): HEAD /rt18_archive.tar.gz [] []
[2020-07-04 10:26:29] my_logger.INFO: Not Found (404): HEAD /rt18_archive.rar [] []
[2020-07-04 10:26:33] my_logger.INFO: Not Found (404): HEAD /rt18_archive.gzip [] []
[2020-07-04 10:26:37] my_logger.INFO: Not Found (404): HEAD /wordpress.zip [] []
[2020-07-04 10:26:44] my_logger.INFO: Not Found (404): HEAD /wordpress.gz [] []
[2020-07-04 10:26:53] my_logger.INFO: Not Found (404): HEAD /wordpress.tar.gz [] []
[2020-07-04 10:31:27] my_logger.INFO: Not Found (404): HEAD /wp.zip [] []
[2020-07-04 11:04:27] my_logger.INFO: Not Allowed (404): GET /tag/estudio-contable/ IP 190.43.251.128 Analytics 5f00a88b1412e [] []
[2020-07-04 11:04:34] my_logger.INFO: Not Allowed (404): GET /tag/tributario/ IP 190.43.251.128 Analytics 5f00a892c8b9f [] []
[2020-07-04 11:34:39] my_logger.INFO: Not Found (404): HEAD /data.tar.gz [] []
[2020-07-04 11:34:49] my_logger.INFO: Not Found (404): HEAD /data.rar [] []
[2020-07-04 11:34:52] my_logger.INFO: Not Found (404): HEAD /data.gzip [] []
[2020-07-04 11:35:00] my_logger.INFO: Not Found (404): HEAD /old.zip [] []
[2020-07-04 11:35:14] my_logger.INFO: Not Found (404): HEAD /old.gz [] []
[2020-07-04 11:35:21] my_logger.INFO: Not Found (404): HEAD /old.tar.gz [] []
[2020-07-04 11:35:35] my_logger.INFO: Not Found (404): HEAD /old.rar [] []
[2020-07-04 11:35:41] my_logger.INFO: Not Found (404): HEAD /old.gzip [] []
[2020-07-04 11:35:57] my_logger.INFO: Not Found (404): HEAD /web.zip [] []
[2020-07-04 11:36:20] my_logger.INFO: Not Found (404): HEAD /web.gz [] []
[2020-07-04 11:36:34] my_logger.INFO: Not Found (404): HEAD /web.tar.gz [] []
[2020-07-04 11:36:49] my_logger.INFO: Not Found (404): HEAD /web.rar [] []
[2020-07-04 11:37:07] my_logger.INFO: Not Found (404): HEAD /web.gzip [] []
[2020-07-04 11:37:23] my_logger.INFO: Not Found (404): HEAD /new.zip [] []
[2020-07-04 11:37:36] my_logger.INFO: Not Found (404): HEAD /new.gz [] []
[2020-07-04 11:37:43] my_logger.INFO: Not Found (404): HEAD /new.tar.gz [] []
[2020-07-04 11:37:51] my_logger.INFO: Not Found (404): HEAD /new.rar [] []
[2020-07-04 11:38:22] my_logger.INFO: Not Found (404): HEAD /new.gzip [] []
[2020-07-04 11:38:38] my_logger.INFO: Not Found (404): HEAD /cms.zip [] []
[2020-07-04 11:38:50] my_logger.INFO: Not Found (404): HEAD /cms.gz [] []
[2020-07-04 11:39:00] my_logger.INFO: Not Found (404): HEAD /cms.tar.gz [] []
[2020-07-04 11:39:07] my_logger.INFO: Not Found (404): HEAD /cms.rar [] []
[2020-07-04 11:39:10] my_logger.INFO: Not Found (404): HEAD /cms.gzip [] []
[2020-07-04 11:39:26] my_logger.INFO: Not Found (404): HEAD /app.zip [] []
[2020-07-04 11:39:50] my_logger.INFO: Not Found (404): HEAD /app.gz [] []
[2020-07-04 11:39:52] my_logger.INFO: Not Found (404): HEAD /app.tar.gz [] []
[2020-07-04 11:40:01] my_logger.INFO: Not Found (404): HEAD /app.rar [] []
[2020-07-04 11:40:07] my_logger.INFO: Not Found (404): HEAD /app.gzip [] []
[2020-07-04 11:40:39] my_logger.INFO: Not Found (404): GET /backup-html-website.zip [] []
[2020-07-04 11:40:40] my_logger.INFO: Not Found (404): HEAD /backup-html-website.gz [] []
[2020-07-04 11:40:42] my_logger.INFO: Not Found (404): HEAD /backup-html-website.tar.gz [] []
[2020-07-04 11:41:21] my_logger.INFO: Not Found (404): HEAD /backup-html-website.rar [] []
[2020-07-04 11:41:39] my_logger.INFO: Not Found (404): GET /backup-html-website.gzip [] []
[2020-07-04 11:41:44] my_logger.INFO: Not Found (404): HEAD /fullsource.zip [] []
[2020-07-04 11:41:48] my_logger.INFO: Not Found (404): HEAD /fullsource.gz [] []
[2020-07-04 11:41:54] my_logger.INFO: Not Found (404): HEAD /fullsource.tar.gz [] []
[2020-07-04 11:41:58] my_logger.INFO: Not Found (404): HEAD /fullsource.rar [] []
[2020-07-04 11:42:12] my_logger.INFO: Not Found (404): HEAD /fullsource.gzip [] []
[2020-07-04 11:42:18] my_logger.INFO: Not Found (404): HEAD /body.zip [] []
[2020-07-04 11:42:19] my_logger.INFO: Not Found (404): HEAD /body.gz [] []
[2020-07-04 11:42:23] my_logger.INFO: Not Found (404): HEAD /body.tar.gz [] []
[2020-07-04 11:42:25] my_logger.INFO: Not Found (404): HEAD /body.rar [] []
[2020-07-04 11:42:26] my_logger.INFO: Not Found (404): HEAD /body.gzip [] []
[2020-07-04 11:42:32] my_logger.INFO: Not Found (404): GET /wp-content.tar.gz [] []
[2020-07-04 11:42:38] my_logger.INFO: Not Found (404): GET /3.tar.gz [] []
[2020-07-04 11:42:39] my_logger.INFO: Not Found (404): HEAD /3.rar [] []
[2020-07-04 13:13:07] my_logger.INFO: Not Found (404): GET /wp-login.php [] []
[2020-07-04 13:13:20] my_logger.INFO: Not Found (404): GET /wp-login.php [] []
[2020-07-04 13:21:23] my_logger.INFO: Not Found (404): GET /wp-login.php [] []
[2020-07-04 14:45:11] my_logger.INFO: Not Allowed (404): GET /es/video-testimonial-de-diloo/ IP 207.46.13.117 Analytics 5f00dc4796f49 [] []
[2020-07-04 15:05:16] my_logger.INFO: Not Allowed (404): GET /portfolio/outsourcing-de-inventarios-fisicos/ IP 123.183.224.148 Analytics 5f00e0fcb56b3 [] []
[2020-07-04 16:42:06] my_logger.INFO: Not Allowed (404): GET /es/tag/bancarizacion/ IP 207.46.13.72 Analytics 5f00f7ae14600 [] []
[2020-07-04 17:13:42] my_logger.INFO: Not Allowed (404): GET /portfolio/outsourcing-contable IP 207.46.13.72 Analytics 5f00ff1660cde [] []
[2020-07-04 17:54:59] my_logger.INFO: Not Allowed (404): GET /es/feed/ IP 159.69.109.52 Analytics 5f0108c30f036 [] []
[2020-07-04 17:54:59] my_logger.INFO: Not Allowed (404): GET /es/feed/ IP 159.69.109.52 Analytics 5f0108c3589fe [] []
[2020-07-04 18:09:49] my_logger.INFO: Not Found (404): GET /wp-login.php [] []
[2020-07-04 21:34:13] my_logger.INFO: Not Allowed (404): GET /es/feed/ IP 159.69.109.52 Analytics 5f013c25d5bef [] []
[2020-07-04 21:34:16] my_logger.INFO: Not Allowed (404): GET /es/feed/ IP 159.69.109.52 Analytics 5f013c27ef723 [] []
